<?xml version="1.0" encoding="UTF-8"?>
<!-- Generated by org.testng.reporters.JUnitReportReporter -->
<testsuite hostname="RASHI" failures="0" tests="1" name="Velocity.ChichwadMaven2.Amazon" time="30.232" errors="0" timestamp="2023-07-28T14:46:08 IST" skipped="0">
  <testcase classname="Velocity.ChichwadMaven2.Amazon" name="amazontest" time="30.232"/>
  <system-out>
    <![CDATA[opening amazon]]>
  </system-out>
</testsuite> <!-- Velocity.ChichwadMaven2.Amazon -->
