<?xml version="1.0" encoding="UTF-8"?>
<!-- Generated by org.testng.reporters.JUnitReportReporter -->
<testsuite hostname="RASHI" failures="0" tests="1" name="Velocity.ChichwadMaven2.Facebook" time="9.705" errors="0" timestamp="2023-07-28T14:46:07 IST" skipped="0">
  <testcase classname="Velocity.ChichwadMaven2.Facebook" name="f" time="9.705"/>
  <system-out>
    <![CDATA[opening facebook]]>
  </system-out>
</testsuite> <!-- Velocity.ChichwadMaven2.Facebook -->
