<?xml version="1.0" encoding="UTF-8"?>
<!-- Generated by org.testng.reporters.JUnitReportReporter -->
<testsuite hostname="RASHI" failures="0" tests="1" name="Velocity.ChichwadMaven2.Flipkart" time="25.434" errors="0" timestamp="2023-07-28T14:46:08 IST" skipped="0">
  <testcase classname="Velocity.ChichwadMaven2.Flipkart" name="flipkarttest" time="25.434"/>
  <system-out>
    <![CDATA[opening flipkart]]>
  </system-out>
</testsuite> <!-- Velocity.ChichwadMaven2.Flipkart -->
